<?xml version="1.0" encoding="UTF-8"?>
<testsuite name="testing.VulnerabilityTest" tests="1" skipped="0" failures="0" errors="0" timestamp="2020-11-30T05:08:42" hostname="Zareliux" time="3251.629">
  <properties/>
  <testcase name="runVulnerabilityTest" classname="testing.VulnerabilityTest" time="3251.629"/>
  <system-out><![CDATA[ID SCAN : 3
PROGRESS STATUS : 0
PROGRESS STATUS : 1
PROGRESS STATUS : 1
PROGRESS STATUS : 2
PROGRESS STATUS : 5
PROGRESS STATUS : 6
PROGRESS STATUS : 7
PROGRESS STATUS : 8
PROGRESS STATUS : 11
PROGRESS STATUS : 13
PROGRESS STATUS : 15
PROGRESS STATUS : 15
PROGRESS STATUS : 15
PROGRESS STATUS : 15
PROGRESS STATUS : 15
PROGRESS STATUS : 15
PROGRESS STATUS : 16
PROGRESS STATUS : 17
PROGRESS STATUS : 18
PROGRESS STATUS : 18
PROGRESS STATUS : 19
PROGRESS STATUS : 19
PROGRESS STATUS : 19
PROGRESS STATUS : 20
PROGRESS STATUS : 23
PROGRESS STATUS : 24
PROGRESS STATUS : 26
PROGRESS STATUS : 26
PROGRESS STATUS : 34
PROGRESS STATUS : 34
PROGRESS STATUS : 34
PROGRESS STATUS : 34
PROGRESS STATUS : 34
PROGRESS STATUS : 34
PROGRESS STATUS : 34
PROGRESS STATUS : 34
PROGRESS STATUS : 34
PROGRESS STATUS : 34
PROGRESS STATUS : 34
PROGRESS STATUS : 34
PROGRESS STATUS : 34
PROGRESS STATUS : 34
PROGRESS STATUS : 34
PROGRESS STATUS : 34
PROGRESS STATUS : 34
PROGRESS STATUS : 34
PROGRESS STATUS : 34
PROGRESS STATUS : 34
PROGRESS STATUS : 34
PROGRESS STATUS : 34
PROGRESS STATUS : 34
PROGRESS STATUS : 34
PROGRESS STATUS : 34
PROGRESS STATUS : 34
PROGRESS STATUS : 34
PROGRESS STATUS : 34
PROGRESS STATUS : 34
PROGRESS STATUS : 34
PROGRESS STATUS : 34
PROGRESS STATUS : 34
PROGRESS STATUS : 34
PROGRESS STATUS : 34
PROGRESS STATUS : 34
PROGRESS STATUS : 34
PROGRESS STATUS : 34
PROGRESS STATUS : 34
PROGRESS STATUS : 34
PROGRESS STATUS : 34
PROGRESS STATUS : 35
PROGRESS STATUS : 35
PROGRESS STATUS : 36
PROGRESS STATUS : 36
PROGRESS STATUS : 36
PROGRESS STATUS : 36
PROGRESS STATUS : 36
PROGRESS STATUS : 36
PROGRESS STATUS : 36
PROGRESS STATUS : 36
PROGRESS STATUS : 36
PROGRESS STATUS : 36
PROGRESS STATUS : 36
PROGRESS STATUS : 36
PROGRESS STATUS : 36
PROGRESS STATUS : 36
PROGRESS STATUS : 36
PROGRESS STATUS : 36
PROGRESS STATUS : 36
PROGRESS STATUS : 36
PROGRESS STATUS : 36
PROGRESS STATUS : 36
PROGRESS STATUS : 36
PROGRESS STATUS : 37
PROGRESS STATUS : 37
PROGRESS STATUS : 37
PROGRESS STATUS : 37
PROGRESS STATUS : 44
PROGRESS STATUS : 45
PROGRESS STATUS : 48
PROGRESS STATUS : 49
PROGRESS STATUS : 50
PROGRESS STATUS : 52
PROGRESS STATUS : 53
PROGRESS STATUS : 54
PROGRESS STATUS : 55
PROGRESS STATUS : 56
PROGRESS STATUS : 58
PROGRESS STATUS : 65
PROGRESS STATUS : 67
PROGRESS STATUS : 68
PROGRESS STATUS : 69
PROGRESS STATUS : 69
PROGRESS STATUS : 69
PROGRESS STATUS : 69
PROGRESS STATUS : 70
PROGRESS STATUS : 70
PROGRESS STATUS : 70
PROGRESS STATUS : 70
PROGRESS STATUS : 70
PROGRESS STATUS : 70
PROGRESS STATUS : 70
PROGRESS STATUS : 70
PROGRESS STATUS : 70
PROGRESS STATUS : 71
PROGRESS STATUS : 71
PROGRESS STATUS : 71
PROGRESS STATUS : 71
PROGRESS STATUS : 74
PROGRESS STATUS : 75
PROGRESS STATUS : 75
PROGRESS STATUS : 76
PROGRESS STATUS : 79
PROGRESS STATUS : 82
PROGRESS STATUS : 83
PROGRESS STATUS : 83
PROGRESS STATUS : 87
PROGRESS STATUS : 88
PROGRESS STATUS : 88
PROGRESS STATUS : 92
PROGRESS STATUS : 93
PROGRESS STATUS : 95
PROGRESS STATUS : 96
PROGRESS STATUS : 96
PROGRESS STATUS : 96
PROGRESS STATUS : 96
PROGRESS STATUS : 100
]]></system-out>
  <system-err><![CDATA[]]></system-err>
</testsuite>
